<?xml version="1.0" encoding="UTF-8"?>
<!-- Generated by org.testng.reporters.JUnitReportReporter -->
<testsuite hostname="DESKTOP-TQOT31I" failures="0" tests="1" name="mvn_SCSR.First_MvnSr" time="2.598" errors="0" timestamp="2024-09-13T21:36:46 IST" skipped="0">
  <testcase classname="mvn_SCSR.First_MvnSr" name="ListofData" time="2.598"/>
</testsuite> <!-- mvn_SCSR.First_MvnSr -->
