<?xml version="1.0" encoding="UTF-8"?>
<!-- Generated by org.testng.reporters.JUnitReportReporter -->
<testsuite hostname="DESKTOP-TQOT31I" failures="0" tests="4" name="FirstSegment_SR1.Registration" time="0.225" errors="0" timestamp="2024-09-14T21:24:11 IST" skipped="0">
  <testcase classname="FirstSegment_SR1.Registration" name="User_MobileNo" time="0.004"/>
  <testcase classname="FirstSegment_SR1.Registration" name="UserID_Creation" time="0.214"/>
  <testcase classname="FirstSegment_SR1.Registration" name="UserName_Field" time="0.004"/>
  <testcase classname="FirstSegment_SR1.Registration" name="User_EmailId" time="0.003"/>
</testsuite> <!-- FirstSegment_SR1.Registration -->
