<?xml version="1.0" encoding="UTF-8"?>
<!-- Generated by org.testng.reporters.JUnitReportReporter -->
<testsuite hostname="DESKTOP-TQOT31I" failures="0" tests="4" name="SecondSegment_SR2.HomePage" time="0.096" errors="0" timestamp="2024-09-14T21:24:11 IST" skipped="0">
  <testcase classname="SecondSegment_SR2.HomePage" name="Menue_Option" time="0.004"/>
  <testcase classname="SecondSegment_SR2.HomePage" name="Search_Option" time="0.027"/>
  <testcase classname="SecondSegment_SR2.HomePage" name="Product_Tab" time="0.056"/>
  <testcase classname="SecondSegment_SR2.HomePage" name="Customer_review" time="0.009"/>
</testsuite> <!-- SecondSegment_SR2.HomePage -->
