<?xml version="1.0" encoding="UTF-8"?>
<!-- Generated by org.testng.reporters.JUnitReportReporter -->
<testsuite hostname="DESKTOP-TQOT31I" failures="0" tests="1" name="mvn_SCSR.ScrollingPage_Sr" time="20.622" errors="0" timestamp="2024-09-13T21:55:36 IST" skipped="0">
  <testcase classname="mvn_SCSR.ScrollingPage_Sr" name="ScrollBar1" time="20.622"/>
</testsuite> <!-- mvn_SCSR.ScrollingPage_Sr -->
