<?xml version="1.0" encoding="UTF-8"?>
<!-- Generated by org.testng.reporters.JUnitReportReporter -->
<testsuite hostname="DESKTOP-TQOT31I" failures="0" tests="2" name="ThrirdSegmentSR3.WishList" time="0.023" errors="0" timestamp="2024-09-14T21:24:11 IST" skipped="0">
  <testcase classname="ThrirdSegmentSR3.WishList" name="Multiple_Product" time="0.005"/>
  <testcase classname="ThrirdSegmentSR3.WishList" name="ProductList" time="0.018"/>
</testsuite> <!-- ThrirdSegmentSR3.WishList -->
