<?xml version="1.0" encoding="UTF-8"?>
<!-- Generated by org.testng.reporters.JUnitReportReporter -->
<testsuite hostname="DESKTOP-TQOT31I" failures="0" tests="4" name="FirstSegment_SR1.Registration" time="0.063" errors="0" timestamp="2024-09-15T11:34:17 IST" skipped="0">
  <testcase classname="FirstSegment_SR1.Registration" name="User_EmailId" time="0.001"/>
  <testcase classname="FirstSegment_SR1.Registration" name="UserID_Creation" time="0.059"/>
  <testcase classname="FirstSegment_SR1.Registration" name="UserName_Field" time="0.002"/>
  <testcase classname="FirstSegment_SR1.Registration" name="User_MobileNo" time="0.001"/>
</testsuite> <!-- FirstSegment_SR1.Registration -->
