<?xml version="1.0" encoding="UTF-8"?>
<!-- Generated by org.testng.reporters.JUnitReportReporter -->
<testsuite hostname="DESKTOP-TQOT31I" failures="0" tests="4" name="SecondSegment_SR2.HomePage" time="0.006" errors="0" timestamp="2024-09-15T11:34:17 IST" skipped="0">
  <testcase classname="SecondSegment_SR2.HomePage" name="Menue_Option" time="0.001"/>
  <testcase classname="SecondSegment_SR2.HomePage" name="Customer_review" time="0.002"/>
  <testcase classname="SecondSegment_SR2.HomePage" name="Search_Option" time="0.002"/>
  <testcase classname="SecondSegment_SR2.HomePage" name="Product_Tab" time="0.001"/>
</testsuite> <!-- SecondSegment_SR2.HomePage -->
