<?xml version="1.0" encoding="UTF-8"?>
<!-- Generated by org.testng.reporters.JUnitReportReporter -->
<testsuite hostname="DESKTOP-TQOT31I" failures="0" tests="2" name="ThrirdSegmentSR3.WishList" time="0.004" errors="0" timestamp="2024-09-15T11:34:17 IST" skipped="0">
  <testcase classname="ThrirdSegmentSR3.WishList" name="Multiple_Product" time="0.001"/>
  <testcase classname="ThrirdSegmentSR3.WishList" name="ProductList" time="0.003"/>
</testsuite> <!-- ThrirdSegmentSR3.WishList -->
